<?xml version="1.0" encoding="UTF-8"?>
<testsuite name="org.example.AddTest" tests="1" skipped="0" failures="0" errors="0" timestamp="2023-09-24T21:57:18" hostname="DESKTOP-3T37M5M" time="0.012">
  <properties/>
  <testcase name="testAdd()" classname="org.example.AddTest" time="0.012"/>
  <system-out><![CDATA[]]></system-out>
  <system-err><![CDATA[]]></system-err>
</testsuite>
